<?xml version="1.0" encoding="UTF-8"?>
<testng-results ignored="0" total="2" passed="2" failed="0" skipped="0">
  <reporter-output>
  </reporter-output>
  <suite started-at="2024-07-22T23:29:48Z" name="Default suite" finished-at="2024-07-22T23:29:50Z" duration-ms="1455">
    <groups>
    </groups>
    <test started-at="2024-07-22T23:29:48Z" name="Default test" finished-at="2024-07-22T23:29:50Z" duration-ms="1455">
      <class name="Tests.GetAndPostExample">
        <test-method signature="GetTest()[pri:0, instance:Tests.GetAndPostExample@4ff8d125]" started-at="2024-07-22T23:29:48Z" name="GetTest" finished-at="2024-07-22T23:29:50Z" duration-ms="1438" status="PASS">
          <reporter-output>
          </reporter-output>
        </test-method> <!-- GetTest -->
        <test-method signature="PostTest()[pri:0, instance:Tests.GetAndPostExample@4ff8d125]" started-at="2024-07-22T23:29:50Z" name="PostTest" finished-at="2024-07-22T23:29:50Z" duration-ms="3" status="PASS">
          <reporter-output>
          </reporter-output>
        </test-method> <!-- PostTest -->
      </class> <!-- Tests.GetAndPostExample -->
    </test> <!-- Default test -->
  </suite> <!-- Default suite -->
</testng-results>
